#
# There is insufficient memory for the Java Runtime Environment to continue.
# Native memory allocation (mmap) failed to map 264241152 bytes for G1 virtual space
# Possible reasons:
#   The system is out of physical RAM or swap space
#   The process is running with CompressedOops enabled, and the Java Heap may be blocking the growth of the native heap
# Possible solutions:
#   Reduce memory load on the system
#   Increase physical memory or swap space
#   Check if swap backing store is full
#   Decrease Java heap size (-Xmx/-Xms)
#   Decrease number of Java threads
#   Decrease Java thread stack sizes (-Xss)
#   Set larger code cache with -XX:ReservedCodeCacheSize=
#   JVM is running with Zero Based Compressed Oops mode in which the Java heap is
#     placed in the first 32GB address space. The Java Heap base address is the
#     maximum limit for the native heap growth. Please use -XX:HeapBaseMinAddress
#     to set the Java Heap base and to place the Java Heap above 32GB virtual address.
# This output file may be truncated or incomplete.
#
#  Out of Memory Error (os_windows.cpp:3530), pid=39332, tid=39608
#
# JRE version:  (18.0.2+9) (build )
# Java VM: Java HotSpot(TM) 64-Bit Server VM (18.0.2+9-61, mixed mode, sharing, tiered, compressed oops, compressed class ptrs, g1 gc, windows-amd64)
# No core dump will be written. Minidumps are not enabled by default on client versions of Windows
#

---------------  S U M M A R Y ------------

Command Line: -Dfile.encoding=UTF-8 -Dstdout.encoding=UTF-8 -Dstderr.encoding=UTF-8 --module-path=C:\Users\guill\git\BatailleNavale\batailleNavale\bin -XX:+ShowCodeDetailsInExceptionMessages -Djdk.module.main=batailleNavale batailleNavale/batailleNavale.main

Host: 11th Gen Intel(R) Core(TM) i5-1135G7 @ 2.40GHz, 8 cores, 15G,  Windows 10 , 64 bit Build 19041 (10.0.19041.3636)
Time: Tue Mar 26 09:42:09 2024 Paris, Madrid elapsed time: 0.023029 seconds (0d 0h 0m 0s)

---------------  T H R E A D  ---------------

Current thread (0x0000015bc01f68b0):  JavaThread "Unknown thread" [_thread_in_vm, id=39608, stack(0x0000000e72100000,0x0000000e72200000)]

Stack: [0x0000000e72100000,0x0000000e72200000]
Native frames: (J=compiled Java code, j=interpreted, Vv=VM code, C=native code)
V  [jvm.dll+0x6993ca]
V  [jvm.dll+0x7f481d]
V  [jvm.dll+0x7f612e]
V  [jvm.dll+0x7f67e3]
V  [jvm.dll+0x25cdaf]
V  [jvm.dll+0x696319]
V  [jvm.dll+0x68ae4a]
V  [jvm.dll+0x3223eb]
V  [jvm.dll+0x329dc6]
V  [jvm.dll+0x37eade]
V  [jvm.dll+0x37ed0f]
V  [jvm.dll+0x2fa16a]
V  [jvm.dll+0x2fb1cd]
V  [jvm.dll+0x7c3450]
V  [jvm.dll+0x38be61]
V  [jvm.dll+0x7a2073]
V  [jvm.dll+0x40dc3f]
V  [jvm.dll+0x40f611]
C  [jli.dll+0x526b]
C  [ucrtbase.dll+0x21bb2]
C  [KERNEL32.DLL+0x17344]
C  [ntdll.dll+0x526b1]


---------------  P R O C E S S  ---------------

Threads class SMR info:
_java_thread_list=0x00007ffe5c35e550, length=0, elements={
}

Java Threads: ( => current thread )

Other Threads:
  0x0000015bc0266f10 WorkerThread "GC Thread#0" [stack: 0x0000000e72200000,0x0000000e72300000] [id=37104]
  0x0000015bc02788b0 ConcurrentGCThread "G1 Main Marker" [stack: 0x0000000e72300000,0x0000000e72400000] [id=23152]
  0x0000015bc0279950 WorkerThread "G1 Conc#0" [stack: 0x0000000e72400000,0x0000000e72500000] [id=36112]

[error occurred during error reporting (printing all threads), id 0xc0000005, EXCEPTION_ACCESS_VIOLATION (0xc0000005) at pc=0x00007ffe5bb8a707]

VM state: not at safepoint (not fully initialized)

VM Mutex/Monitor currently owned by a thread:  ([mutex/lock_event])
[0x0000015bc01f16a0] Heap_lock - owner thread: 0x0000015bc01f68b0

Heap address: 0x0000000704a00000, size: 4022 MB, Compressed Oops mode: Zero based, Oop shift amount: 3

CDS archive(s) mapped at: [0x0000000000000000-0x0000000000000000-0x0000000000000000), size 0, SharedBaseAddress: 0x0000000800000000, ArchiveRelocationMode: 0.
Narrow klass base: 0x0000000000000000, Narrow klass shift: 0, Narrow klass range: 0x0

GC Precious Log:
 CardTable entry size: 512
 Card Set container configuration: InlinePtr #cards 4 size 8 Array Of Cards #cards 16 size 48 Howl #buckets 8 coarsen threshold 3686 Howl Bitmap #cards 512 size 80 coarsen threshold 460 Card regions per heap region 1 cards per card region 4096

Heap:
 garbage-first heap   total 0K, used 0K [0x0000000704a00000, 0x0000000800000000)
  region size 2048K, 0 young (0K), 0 survivors (0K)

[error occurred during error reporting (printing heap information), id 0xc0000005, EXCEPTION_ACCESS_VIOLATION (0xc0000005) at pc=0x00007ffe5bf71859]

GC Heap History (0 events):
No events

Deoptimization events (0 events):
No events

Classes loaded (0 events):
No events

Classes unloaded (0 events):
No events

Classes redefined (0 events):
No events

Internal exceptions (0 events):
No events

VM Operations (0 events):
No events

Events (1 events):
Event: 0.015 Loaded shared library C:\Program Files\Java\jdk-18.0.2\bin\java.dll


Dynamic libraries:
0x00007ff6a3cf0000 - 0x00007ff6a3d00000 	C:\Program Files\Java\jdk-18.0.2\bin\javaw.exe
0x00007ffec7bf0000 - 0x00007ffec7de8000 	C:\Windows\SYSTEM32\ntdll.dll
0x00007ffec7890000 - 0x00007ffec794d000 	C:\Windows\System32\KERNEL32.DLL
0x00007ffec5920000 - 0x00007ffec5c16000 	C:\Windows\System32\KERNELBASE.dll
0x00007ffec56f0000 - 0x00007ffec57f0000 	C:\Windows\System32\ucrtbase.dll
0x00007ffea1f30000 - 0x00007ffea1f48000 	C:\Program Files\Java\jdk-18.0.2\bin\jli.dll
0x00007ffec6450000 - 0x00007ffec6500000 	C:\Windows\System32\ADVAPI32.dll
0x00007ffec6830000 - 0x00007ffec68ce000 	C:\Windows\System32\msvcrt.dll
0x00007ffec6b30000 - 0x00007ffec6bd0000 	C:\Windows\System32\sechost.dll
0x00007ffec6fe0000 - 0x00007ffec7105000 	C:\Windows\System32\RPCRT4.dll
0x00007ffec52a0000 - 0x00007ffec52c7000 	C:\Windows\System32\bcrypt.dll
0x00007ffec6690000 - 0x00007ffec682e000 	C:\Windows\System32\USER32.dll
0x00007ffec5440000 - 0x00007ffec5462000 	C:\Windows\System32\win32u.dll
0x00007ffec6590000 - 0x00007ffec65bb000 	C:\Windows\System32\GDI32.dll
0x00007ffec55d0000 - 0x00007ffec56e7000 	C:\Windows\System32\gdi32full.dll
0x00007ffec5880000 - 0x00007ffec591d000 	C:\Windows\System32\msvcp_win.dll
0x00007ffeb4530000 - 0x00007ffeb47ca000 	C:\Windows\WinSxS\amd64_microsoft.windows.common-controls_6595b64144ccf1df_6.0.19041.3636_none_60b6a03d71f818d5\COMCTL32.dll
0x00007ffebe990000 - 0x00007ffebe99a000 	C:\Windows\SYSTEM32\VERSION.dll
0x00007ffea1f10000 - 0x00007ffea1f2a000 	C:\Program Files\Java\jdk-18.0.2\bin\VCRUNTIME140.dll
0x00007ffec63a0000 - 0x00007ffec63d2000 	C:\Windows\System32\IMM32.DLL
0x00007ffeb4440000 - 0x00007ffeb444c000 	C:\Program Files\Java\jdk-18.0.2\bin\vcruntime140_1.dll
0x00007ffe91fb0000 - 0x00007ffe9203d000 	C:\Program Files\Java\jdk-18.0.2\bin\msvcp140.dll
0x00007ffe5b880000 - 0x00007ffe5c491000 	C:\Program Files\Java\jdk-18.0.2\bin\server\jvm.dll
0x00007ffec63e0000 - 0x00007ffec63e8000 	C:\Windows\System32\PSAPI.DLL
0x00007ffe9b740000 - 0x00007ffe9b749000 	C:\Windows\SYSTEM32\WSOCK32.dll
0x00007ffec6620000 - 0x00007ffec668b000 	C:\Windows\System32\WS2_32.dll
0x00007ffeb7990000 - 0x00007ffeb79b7000 	C:\Windows\SYSTEM32\WINMM.dll
0x00007ffec3aa0000 - 0x00007ffec3ab2000 	C:\Windows\SYSTEM32\kernel.appcore.dll
0x00007ffeba940000 - 0x00007ffeba94a000 	C:\Program Files\Java\jdk-18.0.2\bin\jimage.dll
0x00007ffec2860000 - 0x00007ffec2a44000 	C:\Windows\SYSTEM32\DBGHELP.DLL
0x00007ffeb5110000 - 0x00007ffeb5144000 	C:\Windows\SYSTEM32\dbgcore.DLL
0x00007ffec57f0000 - 0x00007ffec5872000 	C:\Windows\System32\bcryptPrimitives.dll
0x00007ffeb1b40000 - 0x00007ffeb1b65000 	C:\Program Files\Java\jdk-18.0.2\bin\java.dll

dbghelp: loaded successfully - version: 4.0.5 - missing functions: none
symbol engine: initialized successfully - sym options: 0x614 - pdb path: .;C:\Program Files\Java\jdk-18.0.2\bin;C:\Windows\SYSTEM32;C:\Windows\WinSxS\amd64_microsoft.windows.common-controls_6595b64144ccf1df_6.0.19041.3636_none_60b6a03d71f818d5;C:\Program Files\Java\jdk-18.0.2\bin\server

VM Arguments:
jvm_args: -Dfile.encoding=UTF-8 -Dstdout.encoding=UTF-8 -Dstderr.encoding=UTF-8 --module-path=C:\Users\guill\git\BatailleNavale\batailleNavale\bin -XX:+ShowCodeDetailsInExceptionMessages -Djdk.module.main=batailleNavale 
java_command: batailleNavale/batailleNavale.main
java_class_path (initial): <not set>
Launcher Type: SUN_STANDARD

[Global flags]
     intx CICompilerCount                          = 4                                         {product} {ergonomic}
     uint ConcGCThreads                            = 2                                         {product} {ergonomic}
     uint G1ConcRefinementThreads                  = 8                                         {product} {ergonomic}
   size_t G1HeapRegionSize                         = 2097152                                   {product} {ergonomic}
    uintx GCDrainStackTargetSize                   = 64                                        {product} {ergonomic}
   size_t InitialHeapSize                          = 264241152                                 {product} {ergonomic}
   size_t MarkStackSize                            = 4194304                                   {product} {ergonomic}
   size_t MaxHeapSize                              = 4217372672                                {product} {ergonomic}
   size_t MinHeapDeltaBytes                        = 2097152                                   {product} {ergonomic}
   size_t MinHeapSize                              = 8388608                                   {product} {ergonomic}
    uintx NonNMethodCodeHeapSize                   = 5839372                                {pd product} {ergonomic}
    uintx NonProfiledCodeHeapSize                  = 122909434                              {pd product} {ergonomic}
    uintx ProfiledCodeHeapSize                     = 122909434                              {pd product} {ergonomic}
    uintx ReservedCodeCacheSize                    = 251658240                              {pd product} {ergonomic}
     bool SegmentedCodeCache                       = true                                      {product} {ergonomic}
     bool ShowCodeDetailsInExceptionMessages       = true                                   {manageable} {command line}
   size_t SoftMaxHeapSize                          = 4217372672                             {manageable} {ergonomic}
     bool UseCompressedClassPointers               = true                           {product lp64_product} {ergonomic}
     bool UseCompressedOops                        = true                           {product lp64_product} {ergonomic}
     bool UseG1GC                                  = true                                      {product} {ergonomic}
     bool UseLargePagesIndividualAllocation        = false                                  {pd product} {ergonomic}

Logging:
Log output configuration:
 #0: stdout all=warning uptime,level,tags foldmultilines=false
 #1: stderr all=off uptime,level,tags foldmultilines=false

Environment Variables:
JAVA_HOME=C:\Program Files\Java\jdk-17\bin
PATH=C:/Program Files/Java/jdk-18.0.2/bin/server;C:/Program Files/Java/jdk-18.0.2/bin;C:\Python312\Scripts\;C:\Python312\;C:\Program Files\Common Files\Oracle\Java\javapath;C:\Program Files (x86)\Common Files\Oracle\Java\javapath;C:\Windows\system32;C:\Windows;C:\Windows\System32\Wbem;C:\Windows\System32\WindowsPowerShell\v1.0\;C:\Windows\System32\OpenSSH\;C:\Program Files\Microsoft SQL Server\150\Tools\Binn\;C:\Program Files\Microsoft SQL Server\Client SDK\ODBC\170\Tools\Binn\;C:\Program Files\dotnet\;C:\Program Files (x86)\Yarn\bin\;C:\ProgramData\chocolatey\bin;C:\Program Files\nodejs\;C:\Program Files\Git\cmd;C:\Program Files\Docker\Docker\resources\bin;C:\Users\guill\OneDrive\Documents\L3\SE\TD_JAVA;C:\Users\guill\development\flutter\bin;C:\Program Files\Java\jdk-18.0.2\bin;C:\Users\guill\AppData\Local\Programs\Microsoft VS Code\bin;C:\Exercism;C:\Users\guill\AppData\Local\Yarn\bin;C:\Users\guill\AppData\Roaming\npm;C:\Windows;
USERNAME=guill
OS=Windows_NT
PROCESSOR_IDENTIFIER=Intel64 Family 6 Model 140 Stepping 1, GenuineIntel



---------------  S Y S T E M  ---------------

OS:
 Windows 10 , 64 bit Build 19041 (10.0.19041.3636)
OS uptime: 9 days 12:27 hours
Hyper-V role detected

CPU: total 8 (initial active 8) (4 cores per cpu, 2 threads per core) family 6 model 140 stepping 1 microcode 0x8a, cx8, cmov, fxsr, ht, mmx, 3dnowpref, sse, sse2, sse3, ssse3, sse4.1, sse4.2, popcnt, lzcnt, tsc, tscinvbit, avx, avx2, aes, erms, clmul, bmi1, bmi2, adx, avx512f, avx512dq, avx512cd, avx512bw, avx512vl, sha, fma, vzeroupper, avx512_vpopcntdq, avx512_vpclmulqdq, avx512_vaes, avx512_vnni, clflush, clflushopt, clwb, avx512_vbmi2, avx512_vbmi, hv

Memory: 4k page, system-wide physical 16080M (4401M free)
TotalPageFile size 65232M (AvailPageFile size 184M)
current process WorkingSet (physical memory assigned to process): 11M, peak: 11M
current process commit charge ("private bytes"): 60M, peak: 312M

vm_info: Java HotSpot(TM) 64-Bit Server VM (18.0.2+9-61) for windows-amd64 JRE (18.0.2+9-61), built on Jun  7 2022 13:09:01 by "mach5one" with MS VC++ 16.8 / 16.9 (VS2019)

END.
